TN:
SF:src/router.ts
FN:37,(anonymous_0)
FN:55,(anonymous_1)
FNF:2
FNH:2
FNDA:3,(anonymous_0)
FNDA:5,(anonymous_1)
DA:1,2
DA:2,2
DA:10,2
DA:11,2
DA:14,2
DA:18,2
DA:21,2
DA:30,2
DA:37,3
DA:47,2
DA:55,5
DA:67,2
DA:74,2
DA:81,2
LF:14
LH:14
BRF:0
BRH:0
end_of_record
TN:
SF:src/server.ts
FN:8,connectDB
FN:33,(anonymous_2)
FNF:2
FNH:2
FNDA:2,connectDB
FNDA:1,(anonymous_2)
DA:1,2
DA:2,2
DA:3,2
DA:5,2
DA:9,2
DA:10,2
DA:11,1
DA:15,0
DA:21,2
DA:24,2
DA:27,2
DA:30,2
DA:33,2
DA:34,1
DA:37,2
LF:15
LH:14
BRF:0
BRH:0
end_of_record
TN:
SF:src/config/db.ts
FNF:0
FNH:0
DA:1,2
DA:2,2
DA:5,2
DA:12,2
DA:17,2
LF:5
LH:5
BRF:0
BRH:0
end_of_record
TN:
SF:src/handlers/product.ts
FN:9,(anonymous_1)
FN:19,(anonymous_2)
FN:38,(anonymous_3)
FN:61,(anonymous_4)
FN:88,(anonymous_5)
FN:113,(anonymous_6)
FNF:6
FNH:6
FNDA:2,(anonymous_1)
FNDA:2,(anonymous_2)
FNDA:1,(anonymous_3)
FNDA:2,(anonymous_4)
FNDA:2,(anonymous_5)
FNDA:2,(anonymous_6)
DA:3,2
DA:9,2
DA:10,2
DA:11,2
DA:12,2
DA:14,0
DA:19,2
DA:20,2
DA:22,2
DA:23,2
DA:24,2
DA:26,1
DA:29,1
DA:31,1
DA:33,0
DA:38,2
DA:51,1
DA:52,1
DA:54,1
DA:56,0
DA:61,2
DA:62,2
DA:64,2
DA:65,2
DA:66,2
DA:68,1
DA:71,1
DA:76,1
DA:77,1
DA:78,1
DA:80,0
DA:88,2
DA:89,2
DA:91,2
DA:92,2
DA:93,2
DA:95,1
DA:98,1
DA:103,1
DA:104,1
DA:106,1
DA:108,0
DA:113,2
DA:114,2
DA:116,2
DA:117,2
DA:118,2
DA:120,1
DA:123,1
DA:127,1
DA:129,1
DA:131,0
LF:52
LH:46
BRDA:24,0,0,1
BRDA:66,1,0,1
BRDA:93,2,0,1
BRDA:118,3,0,1
BRF:4
BRH:4
end_of_record
TN:
SF:src/middleware/index.ts
FN:6,(anonymous_0)
FNF:1
FNH:1
FNDA:16,(anonymous_0)
DA:3,2
DA:6,2
DA:14,16
DA:15,16
DA:16,7
DA:17,7
DA:20,9
LF:7
LH:7
BRDA:15,0,0,7
BRF:1
BRH:1
end_of_record
TN:
SF:src/models/Product.model.ts
FNF:0
FNH:0
DA:2,2
DA:8,2
DA:12,2
DA:17,2
DA:23,2
DA:26,2
LF:6
LH:6
BRF:0
BRH:0
end_of_record
